0 info it worked if it ends with ok
1 verbose cli [ '/usr/local/bin/node',
1 verbose cli   '/usr/local/bin/npm',
1 verbose cli   'install',
1 verbose cli   'canvas',
1 verbose cli   '--save' ]
2 info using npm@3.10.3
3 info using node@v6.2.1
4 silly loadCurrentTree Starting
5 silly install loadCurrentTree
6 silly install readLocalPackageData
7 silly fetchPackageMetaData canvas
8 silly fetchNamedPackageData canvas
9 silly mapToRegistry name canvas
10 silly mapToRegistry using default registry
11 silly mapToRegistry registry https://registry.npmjs.org/
12 silly mapToRegistry data Result {
12 silly mapToRegistry   raw: 'canvas',
12 silly mapToRegistry   scope: null,
12 silly mapToRegistry   escapedName: 'canvas',
12 silly mapToRegistry   name: 'canvas',
12 silly mapToRegistry   rawSpec: '',
12 silly mapToRegistry   spec: 'latest',
12 silly mapToRegistry   type: 'tag' }
13 silly mapToRegistry uri https://registry.npmjs.org/canvas
14 verbose request uri https://registry.npmjs.org/canvas
15 verbose request no auth needed
16 info attempt registry request try #1 at 13:29:57
17 verbose request using bearer token for auth
18 verbose request id 79b28f47be82cd14
19 verbose etag W/"587f5ac4-1e4b3"
20 verbose lastModified Wed, 18 Jan 2017 12:08:36 GMT
21 http request GET https://registry.npmjs.org/canvas
22 http 304 https://registry.npmjs.org/canvas
23 verbose headers { server: 'nginx/1.10.1',
23 verbose headers   'last-modified': 'Wed, 18 Jan 2017 12:08:36 GMT',
23 verbose headers   etag: '"587f5ac4-1e4b3"',
23 verbose headers   'cache-control': 'max-age=300',
23 verbose headers   'accept-ranges': 'bytes',
23 verbose headers   date: 'Fri, 20 Jan 2017 12:29:57 GMT',
23 verbose headers   via: '1.1 varnish',
23 verbose headers   connection: 'keep-alive',
23 verbose headers   'x-served-by': 'cache-lhr6329-LHR',
23 verbose headers   'x-cache': 'MISS',
23 verbose headers   'x-cache-hits': '0',
23 verbose headers   'x-timer': 'S1484915397.186923,VS0,VE105',
23 verbose headers   vary: 'Accept-Encoding' }
24 silly get cb [ 304,
24 silly get   { server: 'nginx/1.10.1',
24 silly get     'last-modified': 'Wed, 18 Jan 2017 12:08:36 GMT',
24 silly get     etag: '"587f5ac4-1e4b3"',
24 silly get     'cache-control': 'max-age=300',
24 silly get     'accept-ranges': 'bytes',
24 silly get     date: 'Fri, 20 Jan 2017 12:29:57 GMT',
24 silly get     via: '1.1 varnish',
24 silly get     connection: 'keep-alive',
24 silly get     'x-served-by': 'cache-lhr6329-LHR',
24 silly get     'x-cache': 'MISS',
24 silly get     'x-cache-hits': '0',
24 silly get     'x-timer': 'S1484915397.186923,VS0,VE105',
24 silly get     vary: 'Accept-Encoding' } ]
25 verbose etag https://registry.npmjs.org/canvas from cache
26 verbose get saving canvas to /Users/barreiros/.npm/registry.npmjs.org/canvas/.cache.json
27 verbose correctMkdir /Users/barreiros/.npm correctMkdir not in flight; initializing
28 silly install normalizeTree
29 silly loadCurrentTree Finishing
30 silly loadIdealTree Starting
31 silly install loadIdealTree
32 silly cloneCurrentTree Starting
33 silly install cloneCurrentTreeToIdealTree
34 silly cloneCurrentTree Finishing
35 silly loadShrinkwrap Starting
36 silly install loadShrinkwrap
37 silly loadShrinkwrap Finishing
38 silly loadAllDepsIntoIdealTree Starting
39 silly install loadAllDepsIntoIdealTree
40 silly resolveWithNewModule canvas@1.6.2 checking installable status
41 silly cache add args [ 'canvas', null ]
42 verbose cache add spec canvas
43 silly cache add parsed spec Result {
43 silly cache add   raw: 'canvas',
43 silly cache add   scope: null,
43 silly cache add   escapedName: 'canvas',
43 silly cache add   name: 'canvas',
43 silly cache add   rawSpec: '',
43 silly cache add   spec: 'latest',
43 silly cache add   type: 'tag' }
44 silly addNamed canvas@latest
45 verbose addNamed "latest" is being treated as a dist-tag for canvas
46 info addNameTag [ 'canvas', 'latest' ]
47 silly mapToRegistry name canvas
48 silly mapToRegistry using default registry
49 silly mapToRegistry registry https://registry.npmjs.org/
50 silly mapToRegistry data Result {
50 silly mapToRegistry   raw: 'canvas',
50 silly mapToRegistry   scope: null,
50 silly mapToRegistry   escapedName: 'canvas',
50 silly mapToRegistry   name: 'canvas',
50 silly mapToRegistry   rawSpec: '',
50 silly mapToRegistry   spec: 'latest',
50 silly mapToRegistry   type: 'tag' }
51 silly mapToRegistry uri https://registry.npmjs.org/canvas
52 verbose addNameTag registry:https://registry.npmjs.org/canvas not in flight; fetching
53 verbose get https://registry.npmjs.org/canvas not expired, no request
54 silly addNameTag next cb for canvas with tag latest
55 silly addNamed canvas@1.6.2
56 verbose addNamed "1.6.2" is a plain semver version for canvas
57 silly cache afterAdd canvas@1.6.2
58 verbose afterAdd /Users/barreiros/.npm/canvas/1.6.2/package/package.json not in flight; writing
59 verbose correctMkdir /Users/barreiros/.npm correctMkdir not in flight; initializing
60 verbose afterAdd /Users/barreiros/.npm/canvas/1.6.2/package/package.json written
61 silly fetchNamedPackageData nan
62 silly mapToRegistry name nan
63 silly mapToRegistry using default registry
64 silly mapToRegistry registry https://registry.npmjs.org/
65 silly mapToRegistry data Result {
65 silly mapToRegistry   raw: 'nan',
65 silly mapToRegistry   scope: null,
65 silly mapToRegistry   escapedName: 'nan',
65 silly mapToRegistry   name: 'nan',
65 silly mapToRegistry   rawSpec: '',
65 silly mapToRegistry   spec: 'latest',
65 silly mapToRegistry   type: 'tag' }
66 silly mapToRegistry uri https://registry.npmjs.org/nan
67 verbose request uri https://registry.npmjs.org/nan
68 verbose request no auth needed
69 info attempt registry request try #1 at 13:29:57
70 verbose request using bearer token for auth
71 verbose etag W/"585acecf-1d7db"
72 verbose lastModified Wed, 21 Dec 2016 18:49:51 GMT
73 http request GET https://registry.npmjs.org/nan
74 http 304 https://registry.npmjs.org/nan
75 verbose headers { server: 'nginx/1.10.1',
75 verbose headers   'last-modified': 'Wed, 21 Dec 2016 18:49:51 GMT',
75 verbose headers   etag: '"585acecf-1d7db"',
75 verbose headers   'cache-control': 'max-age=300',
75 verbose headers   'accept-ranges': 'bytes',
75 verbose headers   date: 'Fri, 20 Jan 2017 12:29:57 GMT',
75 verbose headers   via: '1.1 varnish',
75 verbose headers   connection: 'keep-alive',
75 verbose headers   'x-served-by': 'cache-lhr6329-LHR',
75 verbose headers   'x-cache': 'MISS',
75 verbose headers   'x-cache-hits': '0',
75 verbose headers   'x-timer': 'S1484915397.627443,VS0,VE17',
75 verbose headers   vary: 'Accept-Encoding' }
76 silly get cb [ 304,
76 silly get   { server: 'nginx/1.10.1',
76 silly get     'last-modified': 'Wed, 21 Dec 2016 18:49:51 GMT',
76 silly get     etag: '"585acecf-1d7db"',
76 silly get     'cache-control': 'max-age=300',
76 silly get     'accept-ranges': 'bytes',
76 silly get     date: 'Fri, 20 Jan 2017 12:29:57 GMT',
76 silly get     via: '1.1 varnish',
76 silly get     connection: 'keep-alive',
76 silly get     'x-served-by': 'cache-lhr6329-LHR',
76 silly get     'x-cache': 'MISS',
76 silly get     'x-cache-hits': '0',
76 silly get     'x-timer': 'S1484915397.627443,VS0,VE17',
76 silly get     vary: 'Accept-Encoding' } ]
77 verbose etag https://registry.npmjs.org/nan from cache
78 verbose get saving nan to /Users/barreiros/.npm/registry.npmjs.org/nan/.cache.json
79 verbose correctMkdir /Users/barreiros/.npm correctMkdir not in flight; initializing
80 silly resolveWithNewModule nan@2.5.0 checking installable status
81 silly cache add args [ 'nan@^2.4.0', null ]
82 verbose cache add spec nan@^2.4.0
83 silly cache add parsed spec Result {
83 silly cache add   raw: 'nan@^2.4.0',
83 silly cache add   scope: null,
83 silly cache add   escapedName: 'nan',
83 silly cache add   name: 'nan',
83 silly cache add   rawSpec: '^2.4.0',
83 silly cache add   spec: '>=2.4.0 <3.0.0',
83 silly cache add   type: 'range' }
84 silly addNamed nan@>=2.4.0 <3.0.0
85 verbose addNamed ">=2.4.0 <3.0.0" is a valid semver range for nan
86 silly addNameRange { name: 'nan', range: '>=2.4.0 <3.0.0', hasData: false }
87 silly mapToRegistry name nan
88 silly mapToRegistry using default registry
89 silly mapToRegistry registry https://registry.npmjs.org/
90 silly mapToRegistry data Result {
90 silly mapToRegistry   raw: 'nan',
90 silly mapToRegistry   scope: null,
90 silly mapToRegistry   escapedName: 'nan',
90 silly mapToRegistry   name: 'nan',
90 silly mapToRegistry   rawSpec: '',
90 silly mapToRegistry   spec: 'latest',
90 silly mapToRegistry   type: 'tag' }
91 silly mapToRegistry uri https://registry.npmjs.org/nan
92 verbose addNameRange registry:https://registry.npmjs.org/nan not in flight; fetching
93 verbose get https://registry.npmjs.org/nan not expired, no request
94 silly addNameRange number 2 { name: 'nan', range: '>=2.4.0 <3.0.0', hasData: true }
95 silly addNameRange versions [ 'nan',
95 silly addNameRange   [ '0.3.0-wip',
95 silly addNameRange     '0.3.0-wip2',
95 silly addNameRange     '0.3.0',
95 silly addNameRange     '0.3.1',
95 silly addNameRange     '0.3.2',
95 silly addNameRange     '0.4.0',
95 silly addNameRange     '0.4.1',
95 silly addNameRange     '0.4.2',
95 silly addNameRange     '0.4.3',
95 silly addNameRange     '0.4.4',
95 silly addNameRange     '0.5.0',
95 silly addNameRange     '0.5.1',
95 silly addNameRange     '0.5.2',
95 silly addNameRange     '0.6.0',
95 silly addNameRange     '0.7.0',
95 silly addNameRange     '0.7.1',
95 silly addNameRange     '0.8.0',
95 silly addNameRange     '1.0.0',
95 silly addNameRange     '1.1.0',
95 silly addNameRange     '1.1.1',
95 silly addNameRange     '1.1.2',
95 silly addNameRange     '1.2.0',
95 silly addNameRange     '1.3.0',
95 silly addNameRange     '1.4.0',
95 silly addNameRange     '1.4.1',
95 silly addNameRange     '1.5.0',
95 silly addNameRange     '1.4.2',
95 silly addNameRange     '1.4.3',
95 silly addNameRange     '1.5.1',
95 silly addNameRange     '1.5.2',
95 silly addNameRange     '1.6.0',
95 silly addNameRange     '1.5.3',
95 silly addNameRange     '1.6.1',
95 silly addNameRange     '1.6.2',
95 silly addNameRange     '1.7.0',
95 silly addNameRange     '1.8.0',
95 silly addNameRange     '1.8.1',
95 silly addNameRange     '1.8.2',
95 silly addNameRange     '1.8.3',
95 silly addNameRange     '1.8.4',
95 silly addNameRange     '1.9.0',
95 silly addNameRange     '2.0.0',
95 silly addNameRange     '2.0.1',
95 silly addNameRange     '2.0.2',
95 silly addNameRange     '2.0.3',
95 silly addNameRange     '2.0.4',
95 silly addNameRange     '2.0.5',
95 silly addNameRange     '2.0.6',
95 silly addNameRange     '2.0.7',
95 silly addNameRange     '2.0.8',
95 silly addNameRange     '2.0.9',
95 silly addNameRange     '2.1.0',
95 silly addNameRange     '2.2.0',
95 silly addNameRange     '2.2.1',
95 silly addNameRange     '2.3.0',
95 silly addNameRange     '2.3.1',
95 silly addNameRange     '2.3.2',
95 silly addNameRange     '2.3.3',
95 silly addNameRange     '2.3.4',
95 silly addNameRange     '2.3.5',
95 silly addNameRange     '2.4.0',
95 silly addNameRange     '2.5.0' ] ]
96 silly addNamed nan@2.5.0
97 verbose addNamed "2.5.0" is a plain semver version for nan
98 silly cache afterAdd nan@2.5.0
99 verbose afterAdd /Users/barreiros/.npm/nan/2.5.0/package/package.json not in flight; writing
100 verbose correctMkdir /Users/barreiros/.npm correctMkdir not in flight; initializing
101 verbose afterAdd /Users/barreiros/.npm/nan/2.5.0/package/package.json written
102 silly loadAllDepsIntoIdealTree Finishing
103 silly loadIdealTree Finishing
104 silly currentTree gorillajs@0.3.4
104 silly currentTree ├── ansi-escapes@1.4.0
104 silly currentTree ├── ansi-regex@2.0.0
104 silly currentTree ├── ansi-styles@2.2.1
104 silly currentTree ├── archy@1.0.0
104 silly currentTree ├── argparse@1.0.9
104 silly currentTree ├── arr-diff@2.0.0
104 silly currentTree ├── arr-flatten@1.0.1
104 silly currentTree ├── array-differ@1.0.0
104 silly currentTree ├── array-find-index@1.0.2
104 silly currentTree ├── array-uniq@1.0.3
104 silly currentTree ├── array-unique@0.2.1
104 silly currentTree ├── arrify@1.0.1
104 silly currentTree ├── ascii-art@1.1.1
104 silly currentTree ├── asn1@0.2.3
104 silly currentTree ├── assert-plus@0.2.0
104 silly currentTree ├── asynckit@0.4.0
104 silly currentTree ├── aws-sign2@0.6.0
104 silly currentTree ├── aws4@1.5.0
104 silly currentTree ├── balanced-match@0.4.2
104 silly currentTree ├── bcrypt-pbkdf@1.0.0
104 silly currentTree ├── beeper@1.1.0
104 silly currentTree ├── boom@2.10.1
104 silly currentTree ├── brace-expansion@1.1.6
104 silly currentTree ├── braces@1.8.5
104 silly currentTree ├── browser-request@0.3.3
104 silly currentTree ├── builtin-modules@1.1.1
104 silly currentTree ├─┬ camelcase-keys@2.1.0
104 silly currentTree │ └── camelcase@2.1.1
104 silly currentTree ├── camelcase@3.0.0
104 silly currentTree ├── caseless@0.11.0
104 silly currentTree ├── chalk@1.1.3
104 silly currentTree ├── cli-cursor@1.0.2
104 silly currentTree ├── cli-width@1.1.1
104 silly currentTree ├── cli@1.0.1
104 silly currentTree ├── cliui@3.2.0
104 silly currentTree ├── clone-function@1.0.6
104 silly currentTree ├── clone-stats@0.0.1
104 silly currentTree ├── clone@1.0.2
104 silly currentTree ├── code-point-at@1.0.1
104 silly currentTree ├── colors@1.1.2
104 silly currentTree ├── combined-stream@1.0.5
104 silly currentTree ├── commander@2.9.0
104 silly currentTree ├── concat-map@0.0.1
104 silly currentTree ├── console-browserify@1.1.0
104 silly currentTree ├── core-util-is@1.0.2
104 silly currentTree ├── cryptiles@2.0.5
104 silly currentTree ├── currently-unhandled@0.4.1
104 silly currentTree ├─┬ dashdash@1.14.1
104 silly currentTree │ └── assert-plus@1.0.0
104 silly currentTree ├── date-now@0.1.4
104 silly currentTree ├── dateformat@1.0.12
104 silly currentTree ├── decamelize@1.2.0
104 silly currentTree ├── defaults@1.0.3
104 silly currentTree ├── delayed-stream@1.0.0
104 silly currentTree ├── deprecated@0.0.1
104 silly currentTree ├── detect-file@0.1.0
104 silly currentTree ├── dirname-shim@0.0.1-alpha
104 silly currentTree ├─┬ dom-serializer@0.1.0
104 silly currentTree │ ├── domelementtype@1.1.3
104 silly currentTree │ └── entities@1.1.1
104 silly currentTree ├── domelementtype@1.3.0
104 silly currentTree ├── domhandler@2.3.0
104 silly currentTree ├── domutils@1.5.1
104 silly currentTree ├── duplexer@0.1.1
104 silly currentTree ├── duplexer2@0.0.2
104 silly currentTree ├── each-async@1.1.1
104 silly currentTree ├── ecc-jsbn@0.1.1
104 silly currentTree ├─┬ end-of-stream@0.1.5
104 silly currentTree │ └── once@1.3.3
104 silly currentTree ├── entities@1.0.0
104 silly currentTree ├── error-ex@1.3.0
104 silly currentTree ├── escape-string-regexp@1.0.5
104 silly currentTree ├─┬ event-stream@3.3.4
104 silly currentTree │ └── split@0.3.3
104 silly currentTree ├── exit-hook@1.1.1
104 silly currentTree ├── exit@0.1.2
104 silly currentTree ├── expand-brackets@0.1.5
104 silly currentTree ├── expand-range@1.8.2
104 silly currentTree ├── expand-tilde@1.2.2
104 silly currentTree ├── extend@3.0.0
104 silly currentTree ├── extglob@0.3.2
104 silly currentTree ├── extsprintf@1.0.2
104 silly currentTree ├── fancy-log@1.2.0
104 silly currentTree ├── figures@1.7.0
104 silly currentTree ├── filename-regex@2.0.0
104 silly currentTree ├── fill-range@2.2.3
104 silly currentTree ├── find-index@0.1.1
104 silly currentTree ├── find-up@1.1.2
104 silly currentTree ├── findup-sync@0.4.3
104 silly currentTree ├── fined@1.0.2
104 silly currentTree ├── first-chunk-stream@1.0.0
104 silly currentTree ├── flagged-respawn@0.3.2
104 silly currentTree ├── for-in@0.1.6
104 silly currentTree ├── for-own@0.1.4
104 silly currentTree ├── forever-agent@0.6.1
104 silly currentTree ├── form-data@2.1.2
104 silly currentTree ├── from@0.1.3
104 silly currentTree ├── fs-exists-sync@0.1.0
104 silly currentTree ├── fs-extra@0.26.7
104 silly currentTree ├── fs.realpath@1.0.0
104 silly currentTree ├── gaze@0.5.2
104 silly currentTree ├── generate-function@2.0.0
104 silly currentTree ├── generate-object-property@1.2.0
104 silly currentTree ├── get-caller-file@1.0.2
104 silly currentTree ├── get-stdin@4.0.1
104 silly currentTree ├─┬ getpass@0.1.6
104 silly currentTree │ └── assert-plus@1.0.0
104 silly currentTree ├── glob-base@0.3.0
104 silly currentTree ├── glob-parent@2.0.0
104 silly currentTree ├─┬ glob-stream@3.1.18
104 silly currentTree │ ├── glob@4.5.3
104 silly currentTree │ ├── minimatch@2.0.10
104 silly currentTree │ ├── readable-stream@1.0.34
104 silly currentTree │ └── through2@0.6.5
104 silly currentTree ├── glob-watcher@0.0.6
104 silly currentTree ├── glob@7.1.1
104 silly currentTree ├── glob2base@0.0.12
104 silly currentTree ├── global-modules@0.2.3
104 silly currentTree ├── global-prefix@0.1.4
104 silly currentTree ├─┬ globule@0.1.0
104 silly currentTree │ ├── glob@3.1.21
104 silly currentTree │ ├── graceful-fs@1.2.3
104 silly currentTree │ ├── inherits@1.0.2
104 silly currentTree │ └── minimatch@0.2.14
104 silly currentTree ├── glogg@1.0.0
104 silly currentTree ├── graceful-fs@4.1.9
104 silly currentTree ├── graceful-readlink@1.0.1
104 silly currentTree ├── gulp-batch-replace@0.0.0
104 silly currentTree ├─┬ gulp-jshint@2.0.2
104 silly currentTree │ ├── lodash@4.16.4
104 silly currentTree │ ├── readable-stream@1.0.34
104 silly currentTree │ └── through2@0.6.5
104 silly currentTree ├── gulp-rimraf@0.2.0
104 silly currentTree ├─┬ gulp-using@0.1.1
104 silly currentTree │ ├── ansi-styles@1.0.0
104 silly currentTree │ ├── chalk@0.4.0
104 silly currentTree │ └── strip-ansi@0.1.1
104 silly currentTree ├─┬ gulp-util@3.0.7
104 silly currentTree │ └── object-assign@3.0.0
104 silly currentTree ├─┬ gulp@3.9.1
104 silly currentTree │ └── semver@4.3.6
104 silly currentTree ├── gulplog@1.0.0
104 silly currentTree ├── har-validator@2.0.6
104 silly currentTree ├── has-ansi@2.0.0
104 silly currentTree ├── has-color@0.1.7
104 silly currentTree ├── has-gulplog@0.1.0
104 silly currentTree ├── hawk@3.1.3
104 silly currentTree ├── hoek@2.16.3
104 silly currentTree ├── hosted-git-info@2.1.5
104 silly currentTree ├── htmlencode@0.0.4
104 silly currentTree ├── htmlparser2@3.8.3
104 silly currentTree ├── http-signature@1.1.1
104 silly currentTree ├── indent-string@2.1.0
104 silly currentTree ├── inflight@1.0.6
104 silly currentTree ├── inherits@2.0.3
104 silly currentTree ├── ini@1.3.4
104 silly currentTree ├─┬ inquirer@0.11.4
104 silly currentTree │ └── lodash@3.10.1
104 silly currentTree ├── interpret@1.0.1
104 silly currentTree ├── invert-kv@1.0.0
104 silly currentTree ├── ip@1.1.3
104 silly currentTree ├── is-absolute@0.2.6
104 silly currentTree ├── is-arrayish@0.2.1
104 silly currentTree ├── is-buffer@1.1.4
104 silly currentTree ├── is-builtin-module@1.0.0
104 silly currentTree ├── is-dotfile@1.0.2
104 silly currentTree ├── is-equal-shallow@0.1.3
104 silly currentTree ├── is-extendable@0.1.1
104 silly currentTree ├── is-extglob@1.0.0
104 silly currentTree ├── is-finite@1.0.2
104 silly currentTree ├── is-fullwidth-code-point@1.0.0
104 silly currentTree ├── is-glob@2.0.1
104 silly currentTree ├── is-my-json-valid@2.15.0
104 silly currentTree ├── is-number@2.1.0
104 silly currentTree ├── is-online@5.1.2
104 silly currentTree ├── is-port-reachable@1.0.0
104 silly currentTree ├── is-posix-bracket@0.1.1
104 silly currentTree ├── is-primitive@2.0.0
104 silly currentTree ├── is-property@1.0.2
104 silly currentTree ├── is-reachable@1.3.0
104 silly currentTree ├── is-relative@0.2.1
104 silly currentTree ├── is-typedarray@1.0.0
104 silly currentTree ├── is-unc-path@0.1.1
104 silly currentTree ├── is-utf8@0.2.1
104 silly currentTree ├── is-windows@0.2.0
104 silly currentTree ├── isarray@0.0.1
104 silly currentTree ├── isexe@1.1.2
104 silly currentTree ├─┬ isobject@2.1.0
104 silly currentTree │ └── isarray@1.0.0
104 silly currentTree ├── isstream@0.1.2
104 silly currentTree ├── jodid25519@1.0.2
104 silly currentTree ├── jsbn@0.1.0
104 silly currentTree ├─┬ jshint@2.9.4
104 silly currentTree │ └── lodash@3.7.0
104 silly currentTree ├── json-schema@0.2.3
104 silly currentTree ├── json-stringify-safe@5.0.1
104 silly currentTree ├── jsonfile@2.4.0
104 silly currentTree ├── jsonpointer@4.0.1
104 silly currentTree ├── jsprim@1.3.1
104 silly currentTree ├── kind-of@3.0.4
104 silly currentTree ├── klaw@1.3.1
104 silly currentTree ├── lcid@1.0.0
104 silly currentTree ├── liftoff@2.3.0
104 silly currentTree ├── load-json-file@1.1.0
104 silly currentTree ├── lodash._basecopy@3.0.1
104 silly currentTree ├── lodash._basetostring@3.0.1
104 silly currentTree ├── lodash._basevalues@3.0.0
104 silly currentTree ├── lodash._getnative@3.9.1
104 silly currentTree ├── lodash._isiterateecall@3.0.9
104 silly currentTree ├── lodash._reescape@3.0.0
104 silly currentTree ├── lodash._reevaluate@3.0.0
104 silly currentTree ├── lodash._reinterpolate@3.0.0
104 silly currentTree ├── lodash._root@3.0.1
104 silly currentTree ├── lodash.assignwith@4.2.0
104 silly currentTree ├── lodash.clonedeep@4.5.0
104 silly currentTree ├── lodash.escape@3.2.0
104 silly currentTree ├── lodash.isarguments@3.1.0
104 silly currentTree ├── lodash.isarray@3.0.4
104 silly currentTree ├── lodash.isempty@4.4.0
104 silly currentTree ├── lodash.isplainobject@4.0.6
104 silly currentTree ├── lodash.isstring@4.0.1
104 silly currentTree ├── lodash.keys@3.1.2
104 silly currentTree ├── lodash.mapvalues@4.6.0
104 silly currentTree ├── lodash.pick@4.4.0
104 silly currentTree ├── lodash.restparam@3.6.1
104 silly currentTree ├── lodash.template@3.6.2
104 silly currentTree ├── lodash.templatesettings@3.1.1
104 silly currentTree ├── lodash@1.0.2
104 silly currentTree ├── loud-rejection@1.6.0
104 silly currentTree ├── lru-cache@2.7.3
104 silly currentTree ├── map-cache@0.2.2
104 silly currentTree ├── map-obj@1.0.1
104 silly currentTree ├── map-stream@0.1.0
104 silly currentTree ├── meow@3.7.0
104 silly currentTree ├── micromatch@2.3.11
104 silly currentTree ├── mime-db@1.26.0
104 silly currentTree ├── mime-types@2.1.14
104 silly currentTree ├── minimatch@3.0.3
104 silly currentTree ├── minimist@1.2.0
104 silly currentTree ├─┬ mkdirp@0.5.1
104 silly currentTree │ └── minimist@0.0.8
104 silly currentTree ├── multipipe@0.1.2
104 silly currentTree ├── mute-stream@0.0.5
104 silly currentTree ├── natives@1.1.0
104 silly currentTree ├── normalize-package-data@2.3.5
104 silly currentTree ├── normalize-path@2.0.1
104 silly currentTree ├── number-is-nan@1.0.1
104 silly currentTree ├── oauth-sign@0.8.2
104 silly currentTree ├── object-assign@4.1.0
104 silly currentTree ├── object-foreach@0.1.2
104 silly currentTree ├── object-merge@2.5.1
104 silly currentTree ├── object.omit@2.0.1
104 silly currentTree ├── once@1.4.0
104 silly currentTree ├── onetime@1.1.0
104 silly currentTree ├── open@0.0.5
104 silly currentTree ├── openurl@1.1.1
104 silly currentTree ├── orchestrator@0.3.7
104 silly currentTree ├── ordered-read-streams@0.1.0
104 silly currentTree ├── os-homedir@1.0.2
104 silly currentTree ├── os-locale@1.4.0
104 silly currentTree ├── os-tmpdir@1.0.2
104 silly currentTree ├── osenv@0.1.3
104 silly currentTree ├── parse-filepath@1.0.1
104 silly currentTree ├── parse-glob@3.0.4
104 silly currentTree ├── parse-json@2.2.0
104 silly currentTree ├── path-exists@2.1.0
104 silly currentTree ├── path-is-absolute@1.0.1
104 silly currentTree ├── path-root-regex@0.1.2
104 silly currentTree ├── path-root@0.1.1
104 silly currentTree ├── path-type@1.1.0
104 silly currentTree ├── path@0.12.7
104 silly currentTree ├── pause-stream@0.0.11
104 silly currentTree ├── pify@2.3.0
104 silly currentTree ├── pinkie-promise@2.0.1
104 silly currentTree ├── pinkie@2.0.4
104 silly currentTree ├── prepend-http@1.0.4
104 silly currentTree ├── preserve@0.2.0
104 silly currentTree ├── pretty-bytes@3.0.1
104 silly currentTree ├── pretty-hrtime@1.0.2
104 silly currentTree ├── process-nextick-args@1.0.7
104 silly currentTree ├── process@0.11.9
104 silly currentTree ├── punycode@1.4.1
104 silly currentTree ├── qs@6.3.0
104 silly currentTree ├── random-item@1.0.0
104 silly currentTree ├── randomatic@1.1.5
104 silly currentTree ├── rcfinder@0.1.9
104 silly currentTree ├─┬ rcloader@0.1.2
104 silly currentTree │ └── lodash@2.4.2
104 silly currentTree ├── read-pkg-up@1.0.1
104 silly currentTree ├── read-pkg@1.1.0
104 silly currentTree ├── readable-stream@1.1.14
104 silly currentTree ├── readline-sync@1.4.4
104 silly currentTree ├── readline2@1.0.1
104 silly currentTree ├── rechoir@0.6.2
104 silly currentTree ├── redent@1.0.0
104 silly currentTree ├── regex-cache@0.4.3
104 silly currentTree ├── repeat-element@1.1.2
104 silly currentTree ├── repeat-string@1.6.1
104 silly currentTree ├── repeating@2.0.1
104 silly currentTree ├── replace-ext@0.0.1
104 silly currentTree ├── request@2.79.0
104 silly currentTree ├── require-directory@2.1.1
104 silly currentTree ├── require-main-filename@1.0.1
104 silly currentTree ├── resolve-dir@0.1.1
104 silly currentTree ├── resolve@1.1.7
104 silly currentTree ├── restore-cursor@1.0.1
104 silly currentTree ├── rimraf@2.5.4
104 silly currentTree ├── root-hints@1.0.12
104 silly currentTree ├── router-ips@0.2.0
104 silly currentTree ├── run-async@0.1.0
104 silly currentTree ├── run-sequence@1.2.2
104 silly currentTree ├── rx-lite@3.1.2
104 silly currentTree ├── semver@5.3.0
104 silly currentTree ├── sequencify@0.0.7
104 silly currentTree ├── set-blocking@2.0.0
104 silly currentTree ├── set-immediate-shim@1.0.1
104 silly currentTree ├── shelljs@0.3.0
104 silly currentTree ├── sigmund@1.0.1
104 silly currentTree ├── signal-exit@3.0.1
104 silly currentTree ├── sntp@1.0.9
104 silly currentTree ├── sparkles@1.0.0
104 silly currentTree ├── spdx-correct@1.0.2
104 silly currentTree ├── spdx-expression-parse@1.0.4
104 silly currentTree ├── spdx-license-ids@1.2.2
104 silly currentTree ├── split@1.0.0
104 silly currentTree ├── sprintf-js@1.0.3
104 silly currentTree ├─┬ ssh2-streams@0.0.23
104 silly currentTree │ └── readable-stream@1.0.34
104 silly currentTree ├─┬ ssh2@0.4.15
104 silly currentTree │ └── readable-stream@1.0.34
104 silly currentTree ├─┬ sshpk@1.10.2
104 silly currentTree │ └── assert-plus@1.0.0
104 silly currentTree ├── stream-combiner@0.0.4
104 silly currentTree ├── stream-consume@0.1.0
104 silly currentTree ├── streamsearch@0.1.2
104 silly currentTree ├── string_decoder@0.10.31
104 silly currentTree ├── string-width@1.0.2
104 silly currentTree ├── stringstream@0.0.5
104 silly currentTree ├── strip-ansi@3.0.1
104 silly currentTree ├── strip-bom@2.0.0
104 silly currentTree ├── strip-indent@1.0.1
104 silly currentTree ├── strip-json-comments@1.0.4
104 silly currentTree ├── supports-color@2.0.0
104 silly currentTree ├── through@2.3.8
104 silly currentTree ├─┬ through2@2.0.1
104 silly currentTree │ ├── isarray@1.0.0
104 silly currentTree │ └── readable-stream@2.0.6
104 silly currentTree ├── tildify@1.2.0
104 silly currentTree ├── time-stamp@1.0.1
104 silly currentTree ├── tough-cookie@2.3.2
104 silly currentTree ├── trim-newlines@1.0.0
104 silly currentTree ├── tunnel-agent@0.4.3
104 silly currentTree ├── tweetnacl@0.14.5
104 silly currentTree ├── unc-path-regex@0.1.2
104 silly currentTree ├── unique-stream@1.0.0
104 silly currentTree ├── url-parse-lax@1.0.0
104 silly currentTree ├── user-home@1.1.1
104 silly currentTree ├── util-deprecate@1.0.2
104 silly currentTree ├─┬ util@0.10.3
104 silly currentTree │ └── inherits@2.0.1
104 silly currentTree ├── uuid@3.0.1
104 silly currentTree ├── v8flags@2.0.11
104 silly currentTree ├── validate-npm-package-license@3.0.1
104 silly currentTree ├── verror@1.3.6
104 silly currentTree ├─┬ vinyl-fs@0.3.14
104 silly currentTree │ ├── clone@0.2.0
104 silly currentTree │ ├── graceful-fs@3.0.11
104 silly currentTree │ ├── readable-stream@1.0.34
104 silly currentTree │ ├── strip-bom@1.0.0
104 silly currentTree │ ├── through2@0.6.5
104 silly currentTree │ └── vinyl@0.4.6
104 silly currentTree ├── vinyl@0.5.3
104 silly currentTree ├── which-module@1.0.0
104 silly currentTree ├── which@1.2.11
104 silly currentTree ├── window-size@0.2.0
104 silly currentTree ├── wrap-ansi@2.0.0
104 silly currentTree ├── wrappy@1.0.2
104 silly currentTree ├── xtend@4.0.1
104 silly currentTree ├── y18n@3.2.1
104 silly currentTree ├── yamljs@0.2.8
104 silly currentTree ├── yargs-parser@4.0.2
104 silly currentTree └── yargs@6.3.0
105 silly idealTree gorillajs@0.3.4
105 silly idealTree ├── ansi-escapes@1.4.0
105 silly idealTree ├── ansi-regex@2.0.0
105 silly idealTree ├── ansi-styles@2.2.1
105 silly idealTree ├── archy@1.0.0
105 silly idealTree ├── argparse@1.0.9
105 silly idealTree ├── arr-diff@2.0.0
105 silly idealTree ├── arr-flatten@1.0.1
105 silly idealTree ├── array-differ@1.0.0
105 silly idealTree ├── array-find-index@1.0.2
105 silly idealTree ├── array-uniq@1.0.3
105 silly idealTree ├── array-unique@0.2.1
105 silly idealTree ├── arrify@1.0.1
105 silly idealTree ├── ascii-art@1.1.1
105 silly idealTree ├── asn1@0.2.3
105 silly idealTree ├── assert-plus@0.2.0
105 silly idealTree ├── asynckit@0.4.0
105 silly idealTree ├── aws-sign2@0.6.0
105 silly idealTree ├── aws4@1.5.0
105 silly idealTree ├── balanced-match@0.4.2
105 silly idealTree ├── bcrypt-pbkdf@1.0.0
105 silly idealTree ├── beeper@1.1.0
105 silly idealTree ├── boom@2.10.1
105 silly idealTree ├── brace-expansion@1.1.6
105 silly idealTree ├── braces@1.8.5
105 silly idealTree ├── browser-request@0.3.3
105 silly idealTree ├── builtin-modules@1.1.1
105 silly idealTree ├─┬ camelcase-keys@2.1.0
105 silly idealTree │ └── camelcase@2.1.1
105 silly idealTree ├── camelcase@3.0.0
105 silly idealTree ├── canvas@1.6.2
105 silly idealTree ├── caseless@0.11.0
105 silly idealTree ├── chalk@1.1.3
105 silly idealTree ├── cli-cursor@1.0.2
105 silly idealTree ├── cli-width@1.1.1
105 silly idealTree ├── cli@1.0.1
105 silly idealTree ├── cliui@3.2.0
105 silly idealTree ├── clone-function@1.0.6
105 silly idealTree ├── clone-stats@0.0.1
105 silly idealTree ├── clone@1.0.2
105 silly idealTree ├── code-point-at@1.0.1
105 silly idealTree ├── colors@1.1.2
105 silly idealTree ├── combined-stream@1.0.5
105 silly idealTree ├── commander@2.9.0
105 silly idealTree ├── concat-map@0.0.1
105 silly idealTree ├── console-browserify@1.1.0
105 silly idealTree ├── core-util-is@1.0.2
105 silly idealTree ├── cryptiles@2.0.5
105 silly idealTree ├── currently-unhandled@0.4.1
105 silly idealTree ├─┬ dashdash@1.14.1
105 silly idealTree │ └── assert-plus@1.0.0
105 silly idealTree ├── date-now@0.1.4
105 silly idealTree ├── dateformat@1.0.12
105 silly idealTree ├── decamelize@1.2.0
105 silly idealTree ├── defaults@1.0.3
105 silly idealTree ├── delayed-stream@1.0.0
105 silly idealTree ├── deprecated@0.0.1
105 silly idealTree ├── detect-file@0.1.0
105 silly idealTree ├── dirname-shim@0.0.1-alpha
105 silly idealTree ├─┬ dom-serializer@0.1.0
105 silly idealTree │ ├── domelementtype@1.1.3
105 silly idealTree │ └── entities@1.1.1
105 silly idealTree ├── domelementtype@1.3.0
105 silly idealTree ├── domhandler@2.3.0
105 silly idealTree ├── domutils@1.5.1
105 silly idealTree ├── duplexer@0.1.1
105 silly idealTree ├── duplexer2@0.0.2
105 silly idealTree ├── each-async@1.1.1
105 silly idealTree ├── ecc-jsbn@0.1.1
105 silly idealTree ├─┬ end-of-stream@0.1.5
105 silly idealTree │ └── once@1.3.3
105 silly idealTree ├── entities@1.0.0
105 silly idealTree ├── error-ex@1.3.0
105 silly idealTree ├── escape-string-regexp@1.0.5
105 silly idealTree ├─┬ event-stream@3.3.4
105 silly idealTree │ └── split@0.3.3
105 silly idealTree ├── exit-hook@1.1.1
105 silly idealTree ├── exit@0.1.2
105 silly idealTree ├── expand-brackets@0.1.5
105 silly idealTree ├── expand-range@1.8.2
105 silly idealTree ├── expand-tilde@1.2.2
105 silly idealTree ├── extend@3.0.0
105 silly idealTree ├── extglob@0.3.2
105 silly idealTree ├── extsprintf@1.0.2
105 silly idealTree ├── fancy-log@1.2.0
105 silly idealTree ├── figures@1.7.0
105 silly idealTree ├── filename-regex@2.0.0
105 silly idealTree ├── fill-range@2.2.3
105 silly idealTree ├── find-index@0.1.1
105 silly idealTree ├── find-up@1.1.2
105 silly idealTree ├── findup-sync@0.4.3
105 silly idealTree ├── fined@1.0.2
105 silly idealTree ├── first-chunk-stream@1.0.0
105 silly idealTree ├── flagged-respawn@0.3.2
105 silly idealTree ├── for-in@0.1.6
105 silly idealTree ├── for-own@0.1.4
105 silly idealTree ├── forever-agent@0.6.1
105 silly idealTree ├── form-data@2.1.2
105 silly idealTree ├── from@0.1.3
105 silly idealTree ├── fs-exists-sync@0.1.0
105 silly idealTree ├── fs-extra@0.26.7
105 silly idealTree ├── fs.realpath@1.0.0
105 silly idealTree ├── gaze@0.5.2
105 silly idealTree ├── generate-function@2.0.0
105 silly idealTree ├── generate-object-property@1.2.0
105 silly idealTree ├── get-caller-file@1.0.2
105 silly idealTree ├── get-stdin@4.0.1
105 silly idealTree ├─┬ getpass@0.1.6
105 silly idealTree │ └── assert-plus@1.0.0
105 silly idealTree ├── glob-base@0.3.0
105 silly idealTree ├── glob-parent@2.0.0
105 silly idealTree ├─┬ glob-stream@3.1.18
105 silly idealTree │ ├── glob@4.5.3
105 silly idealTree │ ├── minimatch@2.0.10
105 silly idealTree │ ├── readable-stream@1.0.34
105 silly idealTree │ └── through2@0.6.5
105 silly idealTree ├── glob-watcher@0.0.6
105 silly idealTree ├── glob@7.1.1
105 silly idealTree ├── glob2base@0.0.12
105 silly idealTree ├── global-modules@0.2.3
105 silly idealTree ├── global-prefix@0.1.4
105 silly idealTree ├─┬ globule@0.1.0
105 silly idealTree │ ├── glob@3.1.21
105 silly idealTree │ ├── graceful-fs@1.2.3
105 silly idealTree │ ├── inherits@1.0.2
105 silly idealTree │ └── minimatch@0.2.14
105 silly idealTree ├── glogg@1.0.0
105 silly idealTree ├── graceful-fs@4.1.9
105 silly idealTree ├── graceful-readlink@1.0.1
105 silly idealTree ├── gulp-batch-replace@0.0.0
105 silly idealTree ├─┬ gulp-jshint@2.0.2
105 silly idealTree │ ├── lodash@4.16.4
105 silly idealTree │ ├── readable-stream@1.0.34
105 silly idealTree │ └── through2@0.6.5
105 silly idealTree ├── gulp-rimraf@0.2.0
105 silly idealTree ├─┬ gulp-using@0.1.1
105 silly idealTree │ ├── ansi-styles@1.0.0
105 silly idealTree │ ├── chalk@0.4.0
105 silly idealTree │ └── strip-ansi@0.1.1
105 silly idealTree ├─┬ gulp-util@3.0.7
105 silly idealTree │ └── object-assign@3.0.0
105 silly idealTree ├─┬ gulp@3.9.1
105 silly idealTree │ └── semver@4.3.6
105 silly idealTree ├── gulplog@1.0.0
105 silly idealTree ├── har-validator@2.0.6
105 silly idealTree ├── has-ansi@2.0.0
105 silly idealTree ├── has-color@0.1.7
105 silly idealTree ├── has-gulplog@0.1.0
105 silly idealTree ├── hawk@3.1.3
105 silly idealTree ├── hoek@2.16.3
105 silly idealTree ├── hosted-git-info@2.1.5
105 silly idealTree ├── htmlencode@0.0.4
105 silly idealTree ├── htmlparser2@3.8.3
105 silly idealTree ├── http-signature@1.1.1
105 silly idealTree ├── indent-string@2.1.0
105 silly idealTree ├── inflight@1.0.6
105 silly idealTree ├── inherits@2.0.3
105 silly idealTree ├── ini@1.3.4
105 silly idealTree ├─┬ inquirer@0.11.4
105 silly idealTree │ └── lodash@3.10.1
105 silly idealTree ├── interpret@1.0.1
105 silly idealTree ├── invert-kv@1.0.0
105 silly idealTree ├── ip@1.1.3
105 silly idealTree ├── is-absolute@0.2.6
105 silly idealTree ├── is-arrayish@0.2.1
105 silly idealTree ├── is-buffer@1.1.4
105 silly idealTree ├── is-builtin-module@1.0.0
105 silly idealTree ├── is-dotfile@1.0.2
105 silly idealTree ├── is-equal-shallow@0.1.3
105 silly idealTree ├── is-extendable@0.1.1
105 silly idealTree ├── is-extglob@1.0.0
105 silly idealTree ├── is-finite@1.0.2
105 silly idealTree ├── is-fullwidth-code-point@1.0.0
105 silly idealTree ├── is-glob@2.0.1
105 silly idealTree ├── is-my-json-valid@2.15.0
105 silly idealTree ├── is-number@2.1.0
105 silly idealTree ├── is-online@5.1.2
105 silly idealTree ├── is-port-reachable@1.0.0
105 silly idealTree ├── is-posix-bracket@0.1.1
105 silly idealTree ├── is-primitive@2.0.0
105 silly idealTree ├── is-property@1.0.2
105 silly idealTree ├── is-reachable@1.3.0
105 silly idealTree ├── is-relative@0.2.1
105 silly idealTree ├── is-typedarray@1.0.0
105 silly idealTree ├── is-unc-path@0.1.1
105 silly idealTree ├── is-utf8@0.2.1
105 silly idealTree ├── is-windows@0.2.0
105 silly idealTree ├── isarray@0.0.1
105 silly idealTree ├── isexe@1.1.2
105 silly idealTree ├─┬ isobject@2.1.0
105 silly idealTree │ └── isarray@1.0.0
105 silly idealTree ├── isstream@0.1.2
105 silly idealTree ├── jodid25519@1.0.2
105 silly idealTree ├── jsbn@0.1.0
105 silly idealTree ├─┬ jshint@2.9.4
105 silly idealTree │ └── lodash@3.7.0
105 silly idealTree ├── json-schema@0.2.3
105 silly idealTree ├── json-stringify-safe@5.0.1
105 silly idealTree ├── jsonfile@2.4.0
105 silly idealTree ├── jsonpointer@4.0.1
105 silly idealTree ├── jsprim@1.3.1
105 silly idealTree ├── kind-of@3.0.4
105 silly idealTree ├── klaw@1.3.1
105 silly idealTree ├── lcid@1.0.0
105 silly idealTree ├── liftoff@2.3.0
105 silly idealTree ├── load-json-file@1.1.0
105 silly idealTree ├── lodash._basecopy@3.0.1
105 silly idealTree ├── lodash._basetostring@3.0.1
105 silly idealTree ├── lodash._basevalues@3.0.0
105 silly idealTree ├── lodash._getnative@3.9.1
105 silly idealTree ├── lodash._isiterateecall@3.0.9
105 silly idealTree ├── lodash._reescape@3.0.0
105 silly idealTree ├── lodash._reevaluate@3.0.0
105 silly idealTree ├── lodash._reinterpolate@3.0.0
105 silly idealTree ├── lodash._root@3.0.1
105 silly idealTree ├── lodash.assignwith@4.2.0
105 silly idealTree ├── lodash.clonedeep@4.5.0
105 silly idealTree ├── lodash.escape@3.2.0
105 silly idealTree ├── lodash.isarguments@3.1.0
105 silly idealTree ├── lodash.isarray@3.0.4
105 silly idealTree ├── lodash.isempty@4.4.0
105 silly idealTree ├── lodash.isplainobject@4.0.6
105 silly idealTree ├── lodash.isstring@4.0.1
105 silly idealTree ├── lodash.keys@3.1.2
105 silly idealTree ├── lodash.mapvalues@4.6.0
105 silly idealTree ├── lodash.pick@4.4.0
105 silly idealTree ├── lodash.restparam@3.6.1
105 silly idealTree ├── lodash.template@3.6.2
105 silly idealTree ├── lodash.templatesettings@3.1.1
105 silly idealTree ├── lodash@1.0.2
105 silly idealTree ├── loud-rejection@1.6.0
105 silly idealTree ├── lru-cache@2.7.3
105 silly idealTree ├── map-cache@0.2.2
105 silly idealTree ├── map-obj@1.0.1
105 silly idealTree ├── map-stream@0.1.0
105 silly idealTree ├── meow@3.7.0
105 silly idealTree ├── micromatch@2.3.11
105 silly idealTree ├── mime-db@1.26.0
105 silly idealTree ├── mime-types@2.1.14
105 silly idealTree ├── minimatch@3.0.3
105 silly idealTree ├── minimist@1.2.0
105 silly idealTree ├─┬ mkdirp@0.5.1
105 silly idealTree │ └── minimist@0.0.8
105 silly idealTree ├── multipipe@0.1.2
105 silly idealTree ├── mute-stream@0.0.5
105 silly idealTree ├── nan@2.5.0
105 silly idealTree ├── natives@1.1.0
105 silly idealTree ├── normalize-package-data@2.3.5
105 silly idealTree ├── normalize-path@2.0.1
105 silly idealTree ├── number-is-nan@1.0.1
105 silly idealTree ├── oauth-sign@0.8.2
105 silly idealTree ├── object-assign@4.1.0
105 silly idealTree ├── object-foreach@0.1.2
105 silly idealTree ├── object-merge@2.5.1
105 silly idealTree ├── object.omit@2.0.1
105 silly idealTree ├── once@1.4.0
105 silly idealTree ├── onetime@1.1.0
105 silly idealTree ├── open@0.0.5
105 silly idealTree ├── openurl@1.1.1
105 silly idealTree ├── orchestrator@0.3.7
105 silly idealTree ├── ordered-read-streams@0.1.0
105 silly idealTree ├── os-homedir@1.0.2
105 silly idealTree ├── os-locale@1.4.0
105 silly idealTree ├── os-tmpdir@1.0.2
105 silly idealTree ├── osenv@0.1.3
105 silly idealTree ├── parse-filepath@1.0.1
105 silly idealTree ├── parse-glob@3.0.4
105 silly idealTree ├── parse-json@2.2.0
105 silly idealTree ├── path-exists@2.1.0
105 silly idealTree ├── path-is-absolute@1.0.1
105 silly idealTree ├── path-root-regex@0.1.2
105 silly idealTree ├── path-root@0.1.1
105 silly idealTree ├── path-type@1.1.0
105 silly idealTree ├── path@0.12.7
105 silly idealTree ├── pause-stream@0.0.11
105 silly idealTree ├── pify@2.3.0
105 silly idealTree ├── pinkie-promise@2.0.1
105 silly idealTree ├── pinkie@2.0.4
105 silly idealTree ├── prepend-http@1.0.4
105 silly idealTree ├── preserve@0.2.0
105 silly idealTree ├── pretty-bytes@3.0.1
105 silly idealTree ├── pretty-hrtime@1.0.2
105 silly idealTree ├── process-nextick-args@1.0.7
105 silly idealTree ├── process@0.11.9
105 silly idealTree ├── punycode@1.4.1
105 silly idealTree ├── qs@6.3.0
105 silly idealTree ├── random-item@1.0.0
105 silly idealTree ├── randomatic@1.1.5
105 silly idealTree ├── rcfinder@0.1.9
105 silly idealTree ├─┬ rcloader@0.1.2
105 silly idealTree │ └── lodash@2.4.2
105 silly idealTree ├── read-pkg-up@1.0.1
105 silly idealTree ├── read-pkg@1.1.0
105 silly idealTree ├── readable-stream@1.1.14
105 silly idealTree ├── readline-sync@1.4.4
105 silly idealTree ├── readline2@1.0.1
105 silly idealTree ├── rechoir@0.6.2
105 silly idealTree ├── redent@1.0.0
105 silly idealTree ├── regex-cache@0.4.3
105 silly idealTree ├── repeat-element@1.1.2
105 silly idealTree ├── repeat-string@1.6.1
105 silly idealTree ├── repeating@2.0.1
105 silly idealTree ├── replace-ext@0.0.1
105 silly idealTree ├── request@2.79.0
105 silly idealTree ├── require-directory@2.1.1
105 silly idealTree ├── require-main-filename@1.0.1
105 silly idealTree ├── resolve-dir@0.1.1
105 silly idealTree ├── resolve@1.1.7
105 silly idealTree ├── restore-cursor@1.0.1
105 silly idealTree ├── rimraf@2.5.4
105 silly idealTree ├── root-hints@1.0.12
105 silly idealTree ├── router-ips@0.2.0
105 silly idealTree ├── run-async@0.1.0
105 silly idealTree ├── run-sequence@1.2.2
105 silly idealTree ├── rx-lite@3.1.2
105 silly idealTree ├── semver@5.3.0
105 silly idealTree ├── sequencify@0.0.7
105 silly idealTree ├── set-blocking@2.0.0
105 silly idealTree ├── set-immediate-shim@1.0.1
105 silly idealTree ├── shelljs@0.3.0
105 silly idealTree ├── sigmund@1.0.1
105 silly idealTree ├── signal-exit@3.0.1
105 silly idealTree ├── sntp@1.0.9
105 silly idealTree ├── sparkles@1.0.0
105 silly idealTree ├── spdx-correct@1.0.2
105 silly idealTree ├── spdx-expression-parse@1.0.4
105 silly idealTree ├── spdx-license-ids@1.2.2
105 silly idealTree ├── split@1.0.0
105 silly idealTree ├── sprintf-js@1.0.3
105 silly idealTree ├─┬ ssh2-streams@0.0.23
105 silly idealTree │ └── readable-stream@1.0.34
105 silly idealTree ├─┬ ssh2@0.4.15
105 silly idealTree │ └── readable-stream@1.0.34
105 silly idealTree ├─┬ sshpk@1.10.2
105 silly idealTree │ └── assert-plus@1.0.0
105 silly idealTree ├── stream-combiner@0.0.4
105 silly idealTree ├── stream-consume@0.1.0
105 silly idealTree ├── streamsearch@0.1.2
105 silly idealTree ├── string_decoder@0.10.31
105 silly idealTree ├── string-width@1.0.2
105 silly idealTree ├── stringstream@0.0.5
105 silly idealTree ├── strip-ansi@3.0.1
105 silly idealTree ├── strip-bom@2.0.0
105 silly idealTree ├── strip-indent@1.0.1
105 silly idealTree ├── strip-json-comments@1.0.4
105 silly idealTree ├── supports-color@2.0.0
105 silly idealTree ├── through@2.3.8
105 silly idealTree ├─┬ through2@2.0.1
105 silly idealTree │ ├── isarray@1.0.0
105 silly idealTree │ └── readable-stream@2.0.6
105 silly idealTree ├── tildify@1.2.0
105 silly idealTree ├── time-stamp@1.0.1
105 silly idealTree ├── tough-cookie@2.3.2
105 silly idealTree ├── trim-newlines@1.0.0
105 silly idealTree ├── tunnel-agent@0.4.3
105 silly idealTree ├── tweetnacl@0.14.5
105 silly idealTree ├── unc-path-regex@0.1.2
105 silly idealTree ├── unique-stream@1.0.0
105 silly idealTree ├── url-parse-lax@1.0.0
105 silly idealTree ├── user-home@1.1.1
105 silly idealTree ├── util-deprecate@1.0.2
105 silly idealTree ├─┬ util@0.10.3
105 silly idealTree │ └── inherits@2.0.1
105 silly idealTree ├── uuid@3.0.1
105 silly idealTree ├── v8flags@2.0.11
105 silly idealTree ├── validate-npm-package-license@3.0.1
105 silly idealTree ├── verror@1.3.6
105 silly idealTree ├─┬ vinyl-fs@0.3.14
105 silly idealTree │ ├── clone@0.2.0
105 silly idealTree │ ├── graceful-fs@3.0.11
105 silly idealTree │ ├── readable-stream@1.0.34
105 silly idealTree │ ├── strip-bom@1.0.0
105 silly idealTree │ ├── through2@0.6.5
105 silly idealTree │ └── vinyl@0.4.6
105 silly idealTree ├── vinyl@0.5.3
105 silly idealTree ├── which-module@1.0.0
105 silly idealTree ├── which@1.2.11
105 silly idealTree ├── window-size@0.2.0
105 silly idealTree ├── wrap-ansi@2.0.0
105 silly idealTree ├── wrappy@1.0.2
105 silly idealTree ├── xtend@4.0.1
105 silly idealTree ├── y18n@3.2.1
105 silly idealTree ├── yamljs@0.2.8
105 silly idealTree ├── yargs-parser@4.0.2
105 silly idealTree └── yargs@6.3.0
106 silly generateActionsToTake Starting
107 silly install generateActionsToTake
108 silly generateActionsToTake Finishing
109 silly diffTrees action count 2
110 silly diffTrees add nan@2.5.0
111 silly diffTrees add canvas@1.6.2
112 silly decomposeActions action count 16
113 silly decomposeActions fetch nan@2.5.0
114 silly decomposeActions extract nan@2.5.0
115 silly decomposeActions test nan@2.5.0
116 silly decomposeActions preinstall nan@2.5.0
117 silly decomposeActions build nan@2.5.0
118 silly decomposeActions install nan@2.5.0
119 silly decomposeActions postinstall nan@2.5.0
120 silly decomposeActions finalize nan@2.5.0
121 silly decomposeActions fetch canvas@1.6.2
122 silly decomposeActions extract canvas@1.6.2
123 silly decomposeActions test canvas@1.6.2
124 silly decomposeActions preinstall canvas@1.6.2
125 silly decomposeActions build canvas@1.6.2
126 silly decomposeActions install canvas@1.6.2
127 silly decomposeActions postinstall canvas@1.6.2
128 silly decomposeActions finalize canvas@1.6.2
129 silly executeActions Starting
130 silly install executeActions
131 silly doSerial global-install 0
132 silly doParallel fetch 2
133 verbose correctMkdir /Users/barreiros/.npm/_locks correctMkdir not in flight; initializing
134 verbose lock using /Users/barreiros/.npm/_locks/staging-be7b45cdc08973ff.lock for /Users/barreiros/Documents/workspace/Barreiros_GorillaJS/node_modules/.staging
135 silly doParallel extract 2
136 silly extract nan@2.5.0
137 silly extract canvas@1.6.2
138 verbose unbuild node_modules/.staging/nan-b5b5e0e1
139 verbose unbuild node_modules/.staging/canvas-4faf1cba
140 silly gentlyRm /Users/barreiros/Documents/workspace/Barreiros_GorillaJS/node_modules/.staging/nan-b5b5e0e1 is being purged from base /Users/barreiros/Documents/workspace/Barreiros_GorillaJS
141 verbose gentlyRm don't care about contents; nuking /Users/barreiros/Documents/workspace/Barreiros_GorillaJS/node_modules/.staging/nan-b5b5e0e1
142 silly gentlyRm /Users/barreiros/Documents/workspace/Barreiros_GorillaJS/node_modules/.staging/canvas-4faf1cba is being purged from base /Users/barreiros/Documents/workspace/Barreiros_GorillaJS
143 verbose gentlyRm don't care about contents; nuking /Users/barreiros/Documents/workspace/Barreiros_GorillaJS/node_modules/.staging/canvas-4faf1cba
144 verbose tar unpack /Users/barreiros/.npm/nan/2.5.0/package.tgz
145 verbose tar unpacking to /Users/barreiros/Documents/workspace/Barreiros_GorillaJS/node_modules/.staging/nan-b5b5e0e1
146 silly gentlyRm /Users/barreiros/Documents/workspace/Barreiros_GorillaJS/node_modules/.staging/nan-b5b5e0e1 is being purged
147 verbose gentlyRm don't care about contents; nuking /Users/barreiros/Documents/workspace/Barreiros_GorillaJS/node_modules/.staging/nan-b5b5e0e1
148 verbose tar unpack /Users/barreiros/.npm/canvas/1.6.2/package.tgz
149 verbose tar unpacking to /Users/barreiros/Documents/workspace/Barreiros_GorillaJS/node_modules/.staging/canvas-4faf1cba
150 silly gentlyRm /Users/barreiros/Documents/workspace/Barreiros_GorillaJS/node_modules/.staging/canvas-4faf1cba is being purged
151 verbose gentlyRm don't care about contents; nuking /Users/barreiros/Documents/workspace/Barreiros_GorillaJS/node_modules/.staging/canvas-4faf1cba
152 silly gunzTarPerm modes [ '755', '644' ]
153 silly gunzTarPerm modes [ '755', '644' ]
154 silly gunzTarPerm extractEntry package.json
155 silly gunzTarPerm modified mode [ 'package.json', 436, 420 ]
156 silly gunzTarPerm extractEntry package.json
157 silly gunzTarPerm extractEntry README.md
158 silly gunzTarPerm modified mode [ 'README.md', 436, 420 ]
159 silly gunzTarPerm extractEntry .npmignore
160 silly gunzTarPerm extractEntry index.js
161 silly gunzTarPerm extractEntry include_dirs.js
162 silly gunzTarPerm modified mode [ 'include_dirs.js', 436, 420 ]
163 silly gunzTarPerm extractEntry nan_converters.h
164 silly gunzTarPerm modified mode [ 'nan_converters.h', 436, 420 ]
165 silly gunzTarPerm extractEntry CHANGELOG.md
166 silly gunzTarPerm modified mode [ 'CHANGELOG.md', 436, 420 ]
167 silly gunzTarPerm extractEntry LICENSE.md
168 silly gunzTarPerm modified mode [ 'LICENSE.md', 436, 420 ]
169 silly gunzTarPerm extractEntry .travis.yml
170 silly gunzTarPerm extractEntry History.md
171 silly gunzTarPerm extractEntry doc/node_misc.md
172 silly gunzTarPerm modified mode [ 'doc/node_misc.md', 436, 420 ]
173 silly gunzTarPerm extractEntry Readme.md
174 silly gunzTarPerm extractEntry doc/asyncworker.md
175 silly gunzTarPerm modified mode [ 'doc/asyncworker.md', 436, 420 ]
176 silly gunzTarPerm extractEntry doc/callback.md
177 silly gunzTarPerm modified mode [ 'doc/callback.md', 436, 420 ]
178 silly gunzTarPerm extractEntry binding.gyp
179 silly gunzTarPerm extractEntry .github/ISSUE_TEMPLATE.md
180 silly gunzTarPerm extractEntry doc/converters.md
181 silly gunzTarPerm modified mode [ 'doc/converters.md', 436, 420 ]
182 silly gunzTarPerm extractEntry doc/errors.md
183 silly gunzTarPerm modified mode [ 'doc/errors.md', 436, 420 ]
184 silly gunzTarPerm extractEntry lib/bindings.js
185 silly gunzTarPerm extractEntry lib/canvas.js
186 silly gunzTarPerm extractEntry lib/context2d.js
187 silly gunzTarPerm extractEntry doc/maybe_types.md
188 silly gunzTarPerm modified mode [ 'doc/maybe_types.md', 436, 420 ]
189 silly gunzTarPerm extractEntry doc/methods.md
190 silly gunzTarPerm modified mode [ 'doc/methods.md', 436, 420 ]
191 silly gunzTarPerm extractEntry doc/new.md
192 silly gunzTarPerm modified mode [ 'doc/new.md', 436, 420 ]
193 silly gunzTarPerm extractEntry lib/image.js
194 silly gunzTarPerm extractEntry doc/buffers.md
195 silly gunzTarPerm modified mode [ 'doc/buffers.md', 436, 420 ]
196 silly gunzTarPerm extractEntry lib/jpegstream.js
197 silly gunzTarPerm extractEntry lib/pdfstream.js
198 silly gunzTarPerm extractEntry doc/object_wrappers.md
199 silly gunzTarPerm modified mode [ 'doc/object_wrappers.md', 436, 420 ]
200 silly gunzTarPerm extractEntry lib/pngstream.js
201 silly gunzTarPerm extractEntry src/Image.cc
202 silly gunzTarPerm extractEntry doc/persistent.md
203 silly gunzTarPerm modified mode [ 'doc/persistent.md', 436, 420 ]
204 silly gunzTarPerm extractEntry doc/scopes.md
205 silly gunzTarPerm modified mode [ 'doc/scopes.md', 436, 420 ]
206 silly gunzTarPerm extractEntry src/Canvas.cc
207 silly gunzTarPerm extractEntry src/CanvasGradient.cc
208 silly gunzTarPerm extractEntry doc/script.md
209 silly gunzTarPerm modified mode [ 'doc/script.md', 436, 420 ]
210 silly gunzTarPerm extractEntry doc/string_bytes.md
211 silly gunzTarPerm modified mode [ 'doc/string_bytes.md', 436, 420 ]
212 silly gunzTarPerm extractEntry src/CanvasGradient.h
213 silly gunzTarPerm extractEntry src/CanvasPattern.cc
214 silly gunzTarPerm extractEntry doc/v8_internals.md
215 silly gunzTarPerm modified mode [ 'doc/v8_internals.md', 436, 420 ]
216 silly gunzTarPerm extractEntry doc/v8_misc.md
217 silly gunzTarPerm modified mode [ 'doc/v8_misc.md', 436, 420 ]
218 silly gunzTarPerm extractEntry src/CanvasPattern.h
219 silly gunzTarPerm extractEntry src/CanvasRenderingContext2d.cc
220 silly gunzTarPerm extractEntry nan.h
221 silly gunzTarPerm modified mode [ 'nan.h', 436, 420 ]
222 silly gunzTarPerm extractEntry nan_callbacks.h
223 silly gunzTarPerm modified mode [ 'nan_callbacks.h', 436, 420 ]
224 silly gunzTarPerm extractEntry src/CanvasRenderingContext2d.h
225 silly gunzTarPerm extractEntry src/FontFace.cc
226 silly gunzTarPerm extractEntry nan_callbacks_12_inl.h
227 silly gunzTarPerm modified mode [ 'nan_callbacks_12_inl.h', 436, 420 ]
228 silly gunzTarPerm extractEntry nan_callbacks_pre_12_inl.h
229 silly gunzTarPerm modified mode [ 'nan_callbacks_pre_12_inl.h', 436, 420 ]
230 silly gunzTarPerm extractEntry nan_converters_43_inl.h
231 silly gunzTarPerm modified mode [ 'nan_converters_43_inl.h', 436, 420 ]
232 silly gunzTarPerm extractEntry nan_converters_pre_43_inl.h
233 silly gunzTarPerm modified mode [ 'nan_converters_pre_43_inl.h', 436, 420 ]
234 silly gunzTarPerm extractEntry nan_implementation_12_inl.h
235 silly gunzTarPerm modified mode [ 'nan_implementation_12_inl.h', 436, 420 ]
236 silly gunzTarPerm extractEntry src/FontFace.h
237 silly gunzTarPerm extractEntry src/Canvas.h
238 silly gunzTarPerm extractEntry nan_implementation_pre_12_inl.h
239 silly gunzTarPerm modified mode [ 'nan_implementation_pre_12_inl.h', 436, 420 ]
240 silly gunzTarPerm extractEntry src/Image.h
241 silly gunzTarPerm extractEntry src/ImageData.cc
242 silly gunzTarPerm extractEntry nan_maybe_43_inl.h
243 silly gunzTarPerm modified mode [ 'nan_maybe_43_inl.h', 436, 420 ]
244 silly gunzTarPerm extractEntry nan_maybe_pre_43_inl.h
245 silly gunzTarPerm modified mode [ 'nan_maybe_pre_43_inl.h', 436, 420 ]
246 silly gunzTarPerm extractEntry nan_new.h
247 silly gunzTarPerm modified mode [ 'nan_new.h', 436, 420 ]
248 silly gunzTarPerm extractEntry nan_object_wrap.h
249 silly gunzTarPerm modified mode [ 'nan_object_wrap.h', 436, 420 ]
250 silly gunzTarPerm extractEntry src/ImageData.h
251 silly gunzTarPerm extractEntry src/JPEGStream.h
252 silly gunzTarPerm extractEntry nan_persistent_12_inl.h
253 silly gunzTarPerm modified mode [ 'nan_persistent_12_inl.h', 436, 420 ]
254 silly gunzTarPerm extractEntry nan_persistent_pre_12_inl.h
255 silly gunzTarPerm modified mode [ 'nan_persistent_pre_12_inl.h', 436, 420 ]
256 silly gunzTarPerm extractEntry src/PNG.h
257 silly gunzTarPerm extractEntry src/Point.h
258 silly gunzTarPerm extractEntry nan_private.h
259 silly gunzTarPerm modified mode [ 'nan_private.h', 436, 420 ]
260 silly gunzTarPerm extractEntry nan_string_bytes.h
261 silly gunzTarPerm modified mode [ 'nan_string_bytes.h', 436, 420 ]
262 silly gunzTarPerm extractEntry nan_typedarray_contents.h
263 silly gunzTarPerm modified mode [ 'nan_typedarray_contents.h', 436, 420 ]
264 silly gunzTarPerm extractEntry nan_weak.h
265 silly gunzTarPerm modified mode [ 'nan_weak.h', 436, 420 ]
266 silly gunzTarPerm extractEntry src/closure.h
267 silly gunzTarPerm extractEntry src/color.cc
268 silly gunzTarPerm extractEntry src/color.h
269 silly gunzTarPerm extractEntry src/init.cc
270 silly gunzTarPerm extractEntry tools/package.json
271 silly gunzTarPerm modified mode [ 'tools/package.json', 436, 420 ]
272 silly gunzTarPerm extractEntry tools/README.md
273 silly gunzTarPerm modified mode [ 'tools/README.md', 436, 420 ]
274 silly gunzTarPerm extractEntry util/has_lib.sh
275 silly gunzTarPerm extractEntry tools/1to2.js
276 silly gunzTarPerm modified mode [ 'tools/1to2.js', 509, 493 ]
277 silly gentlyRm /Users/barreiros/Documents/workspace/Barreiros_GorillaJS/node_modules/.staging/canvas-4faf1cba/node_modules is being purged
278 verbose gentlyRm don't care about contents; nuking /Users/barreiros/Documents/workspace/Barreiros_GorillaJS/node_modules/.staging/canvas-4faf1cba/node_modules
279 silly gentlyRm /Users/barreiros/Documents/workspace/Barreiros_GorillaJS/node_modules/.staging/nan-b5b5e0e1/node_modules is being purged
280 verbose gentlyRm don't care about contents; nuking /Users/barreiros/Documents/workspace/Barreiros_GorillaJS/node_modules/.staging/nan-b5b5e0e1/node_modules
281 silly doParallel preinstall 2
282 silly preinstall nan@2.5.0 /Users/barreiros/Documents/workspace/Barreiros_GorillaJS/node_modules/.staging/nan-b5b5e0e1
283 info lifecycle nan@2.5.0~preinstall: nan@2.5.0
284 silly preinstall canvas@1.6.2 /Users/barreiros/Documents/workspace/Barreiros_GorillaJS/node_modules/.staging/canvas-4faf1cba
285 info lifecycle canvas@1.6.2~preinstall: canvas@1.6.2
286 silly lifecycle nan@2.5.0~preinstall: no script for preinstall, continuing
287 silly lifecycle canvas@1.6.2~preinstall: no script for preinstall, continuing
288 silly doReverseSerial remove 0
289 silly doSerial move 0
290 silly doSerial finalize 2
291 silly finalize /Users/barreiros/Documents/workspace/Barreiros_GorillaJS/node_modules/nan
292 silly finalize /Users/barreiros/Documents/workspace/Barreiros_GorillaJS/node_modules/canvas
293 silly doSerial build 2
294 silly build nan@2.5.0
295 info linkStuff nan@2.5.0
296 silly linkStuff nan@2.5.0 has /Users/barreiros/Documents/workspace/Barreiros_GorillaJS/node_modules as its parent node_modules
297 verbose linkBins nan@2.5.0
298 verbose linkMans nan@2.5.0
299 silly build canvas@1.6.2
300 info linkStuff canvas@1.6.2
301 silly linkStuff canvas@1.6.2 has /Users/barreiros/Documents/workspace/Barreiros_GorillaJS/node_modules as its parent node_modules
302 verbose linkBins canvas@1.6.2
303 verbose linkMans canvas@1.6.2
304 silly doSerial global-link 0
305 silly doParallel update-linked 0
306 silly doSerial install 2
307 silly install nan@2.5.0 /Users/barreiros/Documents/workspace/Barreiros_GorillaJS/node_modules/.staging/nan-b5b5e0e1
308 info lifecycle nan@2.5.0~install: nan@2.5.0
309 silly lifecycle nan@2.5.0~install: no script for install, continuing
310 silly install canvas@1.6.2 /Users/barreiros/Documents/workspace/Barreiros_GorillaJS/node_modules/.staging/canvas-4faf1cba
311 info lifecycle canvas@1.6.2~install: canvas@1.6.2
312 verbose lifecycle canvas@1.6.2~install: unsafe-perm in lifecycle true
313 verbose lifecycle canvas@1.6.2~install: PATH: /usr/local/lib/node_modules/npm/bin/node-gyp-bin:/Users/barreiros/Documents/workspace/Barreiros_GorillaJS/node_modules/canvas/node_modules/.bin:/Users/barreiros/Documents/workspace/Barreiros_GorillaJS/node_modules/.bin:/usr/local/bin:/usr/local/bin:/usr/bin:/bin:/usr/sbin:/sbin:/opt/X11/bin:/usr/local/git/bin
314 verbose lifecycle canvas@1.6.2~install: CWD: /Users/barreiros/Documents/workspace/Barreiros_GorillaJS/node_modules/canvas
315 silly lifecycle canvas@1.6.2~install: Args: [ '-c', 'node-gyp rebuild' ]
316 silly lifecycle canvas@1.6.2~install: Returned: code: 1  signal: null
317 info lifecycle canvas@1.6.2~install: Failed to exec install script
318 verbose unlock done using /Users/barreiros/.npm/_locks/staging-be7b45cdc08973ff.lock for /Users/barreiros/Documents/workspace/Barreiros_GorillaJS/node_modules/.staging
319 silly rollbackFailedOptional Starting
320 silly rollbackFailedOptional Finishing
321 silly runTopLevelLifecycles Starting
322 silly runTopLevelLifecycles Finishing
323 silly install printInstalled
324 verbose stack Error: canvas@1.6.2 install: `node-gyp rebuild`
324 verbose stack Exit status 1
324 verbose stack     at EventEmitter.<anonymous> (/usr/local/lib/node_modules/npm/lib/utils/lifecycle.js:242:16)
324 verbose stack     at emitTwo (events.js:106:13)
324 verbose stack     at EventEmitter.emit (events.js:191:7)
324 verbose stack     at ChildProcess.<anonymous> (/usr/local/lib/node_modules/npm/lib/utils/spawn.js:40:14)
324 verbose stack     at emitTwo (events.js:106:13)
324 verbose stack     at ChildProcess.emit (events.js:191:7)
324 verbose stack     at maybeClose (internal/child_process.js:852:16)
324 verbose stack     at Process.ChildProcess._handle.onexit (internal/child_process.js:215:5)
325 verbose pkgid canvas@1.6.2
326 verbose cwd /Users/barreiros/Documents/workspace/Barreiros_GorillaJS
327 error Darwin 14.5.0
328 error argv "/usr/local/bin/node" "/usr/local/bin/npm" "install" "canvas" "--save"
329 error node v6.2.1
330 error npm  v3.10.3
331 error code ELIFECYCLE
332 error canvas@1.6.2 install: `node-gyp rebuild`
332 error Exit status 1
333 error Failed at the canvas@1.6.2 install script 'node-gyp rebuild'.
333 error Make sure you have the latest version of node.js and npm installed.
333 error If you do, this is most likely a problem with the canvas package,
333 error not with npm itself.
333 error Tell the author that this fails on your system:
333 error     node-gyp rebuild
333 error You can get information on how to open an issue for this project with:
333 error     npm bugs canvas
333 error Or if that isn't available, you can get their info via:
333 error     npm owner ls canvas
333 error There is likely additional logging output above.
334 verbose exit [ 1, true ]
